-------------------------------------------------------------------------------
Test set: com.mtg.jsonparser.JsonparserApplicationTests
-------------------------------------------------------------------------------
Tests run: 1, Failures: 0, Errors: 1, Skipped: 0, Time elapsed: 0.956 s <<< FAILURE! - in com.mtg.jsonparser.JsonparserApplicationTests
com.mtg.jsonparser.JsonparserApplicationTests  Time elapsed: 0.954 s  <<< ERROR!
java.lang.IllegalStateException: Unable to find a @SpringBootConfiguration, you need to use @ContextConfiguration or @SpringBootTest(classes=...) with your test

